6153-716f3ee78005150b.js:1 RestLink configured without a default URI. All @rest(…) directives must provide an endpoint key!
n @ 6153-716f3ee78005150b.js:1
/sql/api/queries/d26bf466-eaa1-407b-8053-75567a8ebab7/results/4c7db296-6af3-42af-b40c-bcaf5ca44032.json:1          Failed to load resource: the server responded with a status of 403 ()
commons-5df428022e054cfe.js:1 noOp called Array(1)
L @ commons-5df428022e054cfe.js:1
/sql/api/queries/d26bf466-eaa1-407b-8053-75567a8ebab7:1          Failed to load resource: the server responded with a status of 403 ()
framework-4b6785361075a67a.js:1 Error: Invalid principal name {"group_name":""}
    at M (6542-a9cdecffda491116.js:1:272104)
    at 6542-a9cdecffda491116.js:1:269418
    at Array.map (<anonymous>)
    at 6542-a9cdecffda491116.js:1:269359
    at Object.Co [as useMemo] (framework-4b6785361075a67a.js:1:83731)
    at t.useMemo (framework-4b6785361075a67a.js:1:145071)
    at L (6542-a9cdecffda491116.js:1:269222)
    at ro (framework-4b6785361075a67a.js:1:78998)
    at jo (framework-4b6785361075a67a.js:1:88565)
    at Hu (framework-4b6785361075a67a.js:1:132447)
uu @ framework-4b6785361075a67a.js:1
6542-a9cdecffda491116.js:1 Error: Invalid principal name {"group_name":""}
    at M (6542-a9cdecffda491116.js:1:272104)
    at 6542-a9cdecffda491116.js:1:269418
    at Array.map (<anonymous>)
    at 6542-a9cdecffda491116.js:1:269359
    at Object.Co [as useMemo] (framework-4b6785361075a67a.js:1:83731)
    at t.useMemo (framework-4b6785361075a67a.js:1:145071)
    at L (6542-a9cdecffda491116.js:1:269222)
    at ro (framework-4b6785361075a67a.js:1:78998)
    at jo (framework-4b6785361075a67a.js:1:88565)
    at Hu (framework-4b6785361075a67a.js:1:132447)
m @ 6542-a9cdecffda491116.js:1
